(/opt/context/tex/texmf-context/tex/context/base/cont-yes.mkiv

ConTeXt  ver: 2013.11.10 12:23 MKIV beta  fmt: 2013.11.12  int: english/english

system          > 'cont-new.mkiv' loaded
(/opt/context/tex/texmf-context/tex/context/base/cont-new.mkiv)
system          > files > jobname 'documentation', input './documentation', result 'documentation'
fonts           > latin modern fonts are not preloaded
languages       > language 'en' is active
(/home/twey/Uni/IP2/schnip.it/doc/writeup/documentation.tex{/opt/context/tex/texmf-context/fonts/map/pdftex/context/mkiv-base.map}
fonts           > preloading latin modern fonts (second stage)
fonts           > typescripts > unknown library 'loc'
{/opt/context/tex/texmf/fonts/map/dvips/lm/lm-math.map}{/opt/context/tex/texmf/fonts/map/dvips/lm/lm-rm.map}
fonts           > 'fallback modern rm 12pt' is loaded
(environment/layout.tex) (environment/style.tex
resolvers       > modules > 'simplefonts' is loaded
(/opt/context/tex/texmf-modules/tex/context/third/simplefonts/t-simplefonts.mkiv
loading         > ConTeXt User Module / Simplefonts
<+ /opt/context/tex/texmf-modules/tex/context/third/simplefonts/t-simplefonts.lua>) (/opt/context/tex/texmf-context/tex/context/base/type-imp-texgyre.mkiv)) (environment/decorations.tex) (environment/commands.tex) (coverpage/coverpage.tex
backend         > xmp > using file '/opt/context/tex/texmf-context/tex/context/base/lpdf-pdx.xml'
pages           > flushing realpage 1, userpage 1
)
structure       > sectioning > title @ level 2 : 0.0 -> \headtext {content}
(introduction/introduction.tex
pages           > flushing realpage 2, userpage 1
structure       > sectioning > section @ level 3 : 0.0.1 -> Introduction
pages           > flushing realpage 3, userpage 2
) (analysis/analysis.tex
structure       > sectioning > section @ level 3 : 0.0.2 -> Analysis
pages           > flushing realpage 4, userpage 3
) (design/design.tex
structure       > sectioning > section @ level 3 : 0.0.3 -> Design
pages           > flushing realpage 5, userpage 4
) (implementation/implementation.tex
structure       > sectioning > section @ level 3 : 0.0.4 -> Implementation
pages           > flushing realpage 6, userpage 5
) (evaluation/evaluation.tex
structure       > sectioning > section @ level 3 : 0.0.5 -> Evaluation
pages           > flushing realpage 7, userpage 6
) (appendices/appendices.tex) ) )</opt/context/tex/texmf/fonts/opentype/nowacki/iwona/IwonaLight-Regular.otf></opt/context/tex/texmf/fonts/opentype/public/lm/lmsans10-regular.otf>

system          > structure > start used structure

used structure  > text: documentation
used structure  >   product: documentation
used structure  >     environment: layout
used structure  >     environment: style
used structure  >     environment: decorations
used structure  >     environment: commands
used structure  >     component: coverpage
used structure  >     component: introduction
used structure  >     component: analysis
used structure  >     component: design
used structure  >     component: implementation
used structure  >     component: evaluation
used structure  >     component: appendices

system          > structure > stop used structure


system          > files > start used files

used file       >    1: filename=cont-yes.mkiv filetype=tex foundname=/opt/context/tex/texmf-context/tex/context/base/cont-yes.mkiv usedmethod=database
used file       >    2: filename=cont-new.mkiv filetype=tex foundname=/opt/context/tex/texmf-context/tex/context/base/cont-new.mkiv usedmethod=database
used file       >    3: filename=lang-us.lua filetype=lua foundname=/opt/context/tex/texmf-context/tex/context/patterns/lang-us.lua usedmethod=database
used file       >    4: filename=/home/twey/Uni/IP2/schnip.it/doc/writeup/documentation.tex foundname=/home/twey/Uni/IP2/schnip.it/doc/writeup/documentation.tex usedmethod=direct
used file       >    5: filename=mkiv-base.map filetype=map format=map foundname=/opt/context/tex/texmf-context/fonts/map/pdftex/context/mkiv-base.map usedmethod=database
used file       >    6: filename=lm.lfg filetype=tex foundname=/opt/context/tex/texmf-context/tex/context/fonts/lm.lfg usedmethod=database
used file       >    7: filename=lm-math.lfg filetype=tex foundname=/opt/context/tex/texmf-context/tex/context/fonts/lm-math.lfg usedmethod=database
used file       >    8: filename=lm-math.map filetype=map format=map foundname=/opt/context/tex/texmf/fonts/map/dvips/lm/lm-math.map usedmethod=database
used file       >    9: filename=lm-rm.map filetype=map format=map foundname=/opt/context/tex/texmf/fonts/map/dvips/lm/lm-rm.map usedmethod=database
used file       >   10: filename=lmroman12-regular filetype=otf format=otf foundname=/opt/context/tex/texmf/fonts/opentype/public/lm/lmroman12-regular.otf usedmethod=database
used file       >   11: filename=latinmodern-math.otf filetype=opentypefonts foundname=/opt/context/tex/texmf/fonts/opentype/public/lm-math/latinmodern-math.otf usedmethod=database
used file       >   12: filename=latinmodern-math.otf filetype=otf format=otf foundname=/opt/context/tex/texmf/fonts/opentype/public/lm-math/latinmodern-math.otf usedmethod=database
used file       >   13: filename=environment/layout.tex foundname=environment/layout.tex usedmethod=direct
used file       >   14: filename=environment/style.tex foundname=environment/style.tex usedmethod=direct
used file       >   15: filename=t-simplefonts.mkiv filetype=tex foundname=/opt/context/tex/texmf-modules/tex/context/third/simplefonts/t-simplefonts.mkiv usedmethod=database
used file       >   16: filename=t-simplefonts.lua filetype=tex format=tex foundname=/opt/context/tex/texmf-modules/tex/context/third/simplefonts/t-simplefonts.lua usedmethod=database
used file       >   17: filename=IwonaLight-Regular.otf filetype=otf format=otf foundname=/opt/context/tex/texmf/fonts/opentype/nowacki/iwona/IwonaLight-Regular.otf usedmethod=database
used file       >   18: filename=type-imp-texgyre.mkiv filetype=tex foundname=/opt/context/tex/texmf-context/tex/context/base/type-imp-texgyre.mkiv usedmethod=database
used file       >   19: filename=texgyre.lfg filetype=tex foundname=/opt/context/tex/texmf-context/tex/context/fonts/texgyre.lfg usedmethod=database
used file       >   20: filename=texgyrepagella-math.otf filetype=opentypefonts foundname=/opt/context/tex/texmf/fonts/opentype/public/tex-gyre-math/texgyrepagella-math.otf usedmethod=database
used file       >   21: filename=texgyrepagella-math.otf filetype=otf format=otf foundname=/opt/context/tex/texmf/fonts/opentype/public/tex-gyre-math/texgyrepagella-math.otf usedmethod=database
used file       >   22: filename=environment/decorations.tex foundname=environment/decorations.tex usedmethod=direct
used file       >   23: filename=environment/commands.tex foundname=environment/commands.tex usedmethod=direct
used file       >   24: filename=coverpage/coverpage.tex foundname=coverpage/coverpage.tex usedmethod=direct
used file       >   25: filename=lmsans10-regular.otf filetype=otf format=otf foundname=/opt/context/tex/texmf/fonts/opentype/public/lm/lmsans10-regular.otf usedmethod=database
used file       >   26: filename=lpdf-pdx.xml filetype=tex foundname=/opt/context/tex/texmf-context/tex/context/base/lpdf-pdx.xml usedmethod=database
used file       >   27: filename=introduction/introduction.tex foundname=introduction/introduction.tex usedmethod=direct
used file       >   28: filename=analysis/analysis.tex foundname=analysis/analysis.tex usedmethod=direct
used file       >   29: filename=design/design.tex foundname=design/design.tex usedmethod=direct
used file       >   30: filename=implementation/implementation.tex foundname=implementation/implementation.tex usedmethod=direct
used file       >   31: filename=evaluation/evaluation.tex foundname=evaluation/evaluation.tex usedmethod=direct
used file       >   32: filename=appendices/appendices.tex foundname=appendices/appendices.tex usedmethod=direct

system          > files > stop used files


system          > options > start commandline options

used option     > currentrun="2"
used option     > fulljobname="./documentation.tex"
used option     > input="./documentation.tex"
used option     > kindofrun="2"
used option     > maxnofruns="8"
used option     > no-parse-first-line="true"

system          > options > stop commandline options

system          > options > start commandline files

used file       >    1: ./documentation.tex

system          > options > stop commandline files



mkiv lua stats  > used config file: selfautoparent:/texmf/web2c/texmfcnf.lua
mkiv lua stats  > used cache path: /opt/context/tex/texmf-cache/luatex-cache/context/5fe67e0bfe781ce0dde776fb1556f32e
mkiv lua stats  > resource resolver: loadtime 0.004 seconds, 0 scans with scantime 0.000 seconds, 0 shared scans, 32 found files, scanned paths: <none>
mkiv lua stats  > stored bytecode data: 338 modules (0.090 sec), 69 tables (0.010 sec), 407 chunks (0.100 sec)
mkiv lua stats  > cleaned up reserved nodes: 42 nodes, 9 lists of 441
mkiv lua stats  > node memory usage: 3 glue, 4 penalty, 16 attribute, 77 glue_spec, 4 attribute_list
mkiv lua stats  > node list callback tasks: 6 unique task lists, 5 instances (re)created, 433 calls
mkiv lua stats  > used backend: pdf (backend for directly generating pdf output)
mkiv lua stats  > loaded tex modules: 1 requested, all found (*-simplefonts)
mkiv lua stats  > loaded patterns: en::2, load time: 0.000
mkiv lua stats  > jobdata time: 0.002 seconds saving, 0.001 seconds loading
mkiv lua stats  > callbacks: 2182 direct, 1458 indirect, 3640 total
mkiv lua stats  > randomizer: resumed with value 0.010642771148422
mkiv lua stats  > result saved in file: documentation.pdf, compresslevel 3, objectcompreslevel 3
mkiv lua stats  > loaded fonts: 5 files: iwonalight-regular.otf, latinmodern-math.otf, lmroman12-regular.otf, lmsans10-regular.otf, texgyrepagella-math.otf
mkiv lua stats  > fonts load time: 0.233 seconds 
mkiv lua stats  > luatex banner: this is luatex, version beta-0.76.0-2013040516  (tex live 2013/dev)(rev 4627)
mkiv lua stats  > control sequences: 42701 of 65536 + 100000
mkiv lua stats  > current memory usage: 69 MB (ctx: 69 MB)
mkiv lua stats  > runtime: 0.654 seconds, 7 processed pages, 7 shipped pages, 10.703 pages/second

